[2018-05-31 01:07:50] Текст ошибки:
        (Page not found) | Файл: (D:\php\OSPanel\domains\shop.local\public\index.php) | Строка: (10)
===================
[2018-05-31 01:14:16] Текст ошибки:
        (Page not found) | Файл: (D:\php\OSPanel\domains\shop.local\public\index.php) | Строка: (10)
===================
[2018-06-01 09:37:01] Текст ошибки:
        (Страница не найдена) | Файл: (D:\php\OSPanel\domains\shop.local\vendor\north\core\Router.php) | Строка: (49)
===================
[2018-06-01 09:37:01] Текст ошибки:
        (Страница не найдена) | Файл: (D:\php\OSPanel\domains\shop.local\vendor\north\core\Router.php) | Строка: (49)
===================
[2018-06-01 09:37:37] Текст ошибки:
        (Страница не найдена) | Файл: (D:\php\OSPanel\domains\shop.local\vendor\north\core\Router.php) | Строка: (49)
===================
[2018-06-01 09:37:57] Текст ошибки:
        (Страница не найдена) | Файл: (D:\php\OSPanel\domains\shop.local\vendor\north\core\Router.php) | Строка: (49)
===================
[2018-06-01 09:37:58] Текст ошибки:
        (Страница не найдена) | Файл: (D:\php\OSPanel\domains\shop.local\vendor\north\core\Router.php) | Строка: (49)
===================
[2018-06-01 09:43:00] Текст ошибки:
        (Страница не найдена) | Файл: (D:\php\OSPanel\domains\shop.local\vendor\north\core\Router.php) | Строка: (52)
===================
[2018-06-01 10:04:28] Текст ошибки:
        (Страница не найдена) | Файл: (D:\php\OSPanel\domains\shop.local\vendor\north\core\Router.php) | Строка: (52)
===================
[2018-06-01 10:09:43] Текст ошибки:
        (Страница не найдена) | Файл: (D:\php\OSPanel\domains\shop.local\vendor\north\core\Router.php) | Строка: (52)
===================
[2018-06-01 10:09:50] Текст ошибки:
        (Страница не найдена) | Файл: (D:\php\OSPanel\domains\shop.local\vendor\north\core\Router.php) | Строка: (52)
===================
[2018-06-01 10:09:55] Текст ошибки:
        (Страница не найдена) | Файл: (D:\php\OSPanel\domains\shop.local\vendor\north\core\Router.php) | Строка: (52)
===================
[2018-06-01 10:10:07] Текст ошибки:
        (Страница не найдена) | Файл: (D:\php\OSPanel\domains\shop.local\vendor\north\core\Router.php) | Строка: (52)
===================
[2018-06-01 10:10:21] Текст ошибки:
        (Страница не найдена) | Файл: (D:\php\OSPanel\domains\shop.local\vendor\north\core\Router.php) | Строка: (52)
===================
[2018-06-01 10:11:56] Текст ошибки:
        (Страница не найдена) | Файл: (D:\php\OSPanel\domains\shop.local\vendor\north\core\Router.php) | Строка: (52)
===================
[2018-06-01 10:12:44] Текст ошибки:
        (Страница не найдена) | Файл: (D:\php\OSPanel\domains\shop.local\vendor\north\core\Router.php) | Строка: (52)
===================
[2018-06-01 10:12:44] Текст ошибки:
        (Страница не найдена) | Файл: (D:\php\OSPanel\domains\shop.local\vendor\north\core\Router.php) | Строка: (52)
===================
[2018-06-01 10:12:46] Текст ошибки:
        (Страница не найдена) | Файл: (D:\php\OSPanel\domains\shop.local\vendor\north\core\Router.php) | Строка: (52)
===================
[2018-06-01 10:13:19] Текст ошибки:
        (Страница не найдена) | Файл: (D:\php\OSPanel\domains\shop.local\vendor\north\core\Router.php) | Строка: (52)
===================
[2018-06-01 10:14:06] Текст ошибки:
        (Страница не найдена) | Файл: (D:\php\OSPanel\domains\shop.local\vendor\north\core\Router.php) | Строка: (52)
===================
[2018-06-01 10:14:53] Текст ошибки:
        (Страница не найдена) | Файл: (D:\php\OSPanel\domains\shop.local\vendor\north\core\Router.php) | Строка: (52)
===================
[2018-06-01 10:15:25] Текст ошибки:
        (Страница не найдена) | Файл: (D:\php\OSPanel\domains\shop.local\vendor\north\core\Router.php) | Строка: (52)
===================
[2018-06-01 10:15:36] Текст ошибки:
        (Страница не найдена) | Файл: (D:\php\OSPanel\domains\shop.local\vendor\north\core\Router.php) | Строка: (52)
===================
[2018-06-01 10:24:18] Текст ошибки:
        (Контроллер app\controllers\SomePageController не найден) | Файл: (D:\php\OSPanel\domains\shop.local\vendor\north\core\Router.php) | Строка: (55)
===================
[2018-06-01 10:26:13] Текст ошибки:
        (Class 'app\controllers\SomePageController' not found) | Файл: (D:\php\OSPanel\domains\shop.local\vendor\north\core\Router.php) | Строка: (50)
===================
[2018-06-01 10:26:17] Текст ошибки:
        (Class 'app\controllers\SomePageController' not found) | Файл: (D:\php\OSPanel\domains\shop.local\vendor\north\core\Router.php) | Строка: (50)
===================
[2018-06-01 10:29:16] Текст ошибки:
        (Контроллер app\controllers\MainController не найден) | Файл: (D:\php\OSPanel\domains\shop.local\vendor\north\core\Router.php) | Строка: (65)
===================
[2018-06-01 10:29:17] Текст ошибки:
        (Контроллер app\controllers\MainController не найден) | Файл: (D:\php\OSPanel\domains\shop.local\vendor\north\core\Router.php) | Строка: (65)
===================
[2018-06-01 10:30:13] Текст ошибки:
        (Метод app\controllers\MainController::indexAction не найден) | Файл: (D:\php\OSPanel\domains\shop.local\vendor\north\core\Router.php) | Строка: (59)
===================
[2018-06-04 23:08:42] Текст ошибки:
        (Страница не найдена) | Файл: (D:\php\OSPanel\domains\shop.local\vendor\north\core\Router.php) | Строка: (80)
===================
